
Showing logs for build [32mcb-kubecd-environment-pr-184-38-jqk8n-1[0m stage [32mfrom-build-pack[0m and container [32mstep-credential-initializer-cbc22[0m
{"level":"warn","ts":1584535614.1860971,"logger":"fallback-logger","caller":"logging/config.go:69","msg":"Fetch GitHub commit ID from kodata failed: \"ref: refs/heads/0.8.0-**-support-backwards-incompats\" is not a valid GitHub commit ID"}
{"level":"info","ts":1584535614.187309,"logger":"fallback-logger","caller":"creds-init/main.go:40","msg":"Credentials initialized."}

Showing logs for build [32mcb-kubecd-environment-pr-184-38-jqk8n-1[0m stage [32mfrom-build-pack[0m and container [32mstep-working-dir-initializer-qvgcv[0m
{"level":"warn","ts":1584535615.5074165,"logger":"fallback-logger","caller":"logging/config.go:69","msg":"Fetch GitHub commit ID from kodata failed: open /var/run/ko/HEAD: no such file or directory"}
{"level":"info","ts":1584535615.5093446,"logger":"fallback-logger","caller":"bash/main.go:64","msg":"Successfully executed command \"sh -c mkdir -p /workspace/source\"; output "}

Showing logs for build [32mcb-kubecd-environment-pr-184-38-jqk8n-1[0m stage [32mfrom-build-pack[0m and container [32mstep-place-tools[0m

Showing logs for build [32mcb-kubecd-environment-pr-184-38-jqk8n-1[0m stage [32mfrom-build-pack[0m and container [32mstep-git-source-cb-kubecd-environment-pr-184-38-jqk8n-2f5pg[0m
{"level":"warn","ts":1584535619.689542,"logger":"fallback-logger","caller":"logging/config.go:69","msg":"Fetch GitHub commit ID from kodata failed: \"ref: refs/heads/0.8.0-**-support-backwards-incompats\" is not a valid GitHub commit ID"}
{"level":"info","ts":1584535620.7219791,"logger":"fallback-logger","caller":"git/git.go:103","msg":"Successfully cloned https://github.com/cb-kubecd/environment-pr-184-38-boot-gke-production.git @ master in path /workspace/source"}

Showing logs for build [32mcb-kubecd-environment-pr-184-38-jqk8n-1[0m stage [32mfrom-build-pack[0m and container [32mstep-git-merge[0m
Using SHAs from PULL_REFS=master:ea21d078e9d7401894ab02684d157bc9d4450609,1:1bcb051b097bed20b8b8ec58cee65a9b27b45efb
DEBUG: JX_LOG_LEVEL=error LC_ALL=C git fetch origin --unshallow 1bcb051b097bed20b8b8ec58cee65a9b27b45efb: ea21d078e9d7401894ab02684d157bc9d4450609:
DEBUG: ran git fetch --unshallow origin 1bcb051b097bed20b8b8ec58cee65a9b27b45efb: ea21d078e9d7401894ab02684d157bc9d4450609: in 
DEBUG: LC_ALL=C JX_LOG_LEVEL=error git branch
DEBUG: LC_ALL=C JX_LOG_LEVEL=error git checkout master
DEBUG: ran git checkout master in 
DEBUG: LC_ALL=C JX_LOG_LEVEL=error git reset --hard ea21d078e9d7401894ab02684d157bc9d4450609
DEBUG: ran git reset --hard ea21d078e9d7401894ab02684d157bc9d4450609 in 
DEBUG: LC_ALL=C JX_LOG_LEVEL=error git clean -fd .
DEBUG: ran clean --force -d . in 
DEBUG: LC_ALL=C JX_LOG_LEVEL=error git merge 1bcb051b097bed20b8b8ec58cee65a9b27b45efb
DEBUG: ran git merge 1bcb051b097bed20b8b8ec58cee65a9b27b45efb in 
DEBUG: LC_ALL=C JX_LOG_LEVEL=error git log --format=%H%x1f%an%x1f%ae%x1f%cn%x1f%ce%x1f%s%n%b%x1e ea21d078e9d7401894ab02684d157bc9d4450609..HEAD
Merged SHA 1bcb051b097bed20b8b8ec58cee65a9b27b45efb with commit message 'chore: Promote bdd-spring-1584534553 to version 0.0.1' into base branch master

Showing logs for build [32mcb-kubecd-environment-pr-184-38-jqk8n-1[0m stage [32mfrom-build-pack[0m and container [32mstep-build-helm-build[0m
WARNING: No $CHART_REPOSITORY defined so using the default value of: http://jenkins-x-chartmuseum:8080
Adding missing Helm repo: storage.googleapis.com https://storage.googleapis.com/chartmuseum.jenkins-x.io
WARNING: No secrets found on "helm/repos" due: reading the secret "helm/repos" from vault: no secret "helm/repos" not found in vault
Read credentials for https://storage.googleapis.com/chartmuseum.jenkins-x.io from vault helm/repos
Successfully added Helm repository storage.googleapis.com.
Adding missing Helm repo: jenkins-x-chartmuseum http://jenkins-x-chartmuseum:8080
WARNING: No secrets found on "helm/repos" due: reading the secret "helm/repos" from vault: no secret "helm/repos" not found in vault
Read credentials for http://jenkins-x-chartmuseum:8080 from vault helm/repos
Successfully added Helm repository jenkins-x-chartmuseum.
WARNING: No $CHART_REPOSITORY defined so using the default value of: http://jenkins-x-chartmuseum:8080
Adding missing Helm repo: chartmuseum.jenkins-x.io http://chartmuseum.jenkins-x.io
WARNING: No secrets found on "helm/repos" due: reading the secret "helm/repos" from vault: no secret "helm/repos" not found in vault
Read credentials for http://chartmuseum.jenkins-x.io from vault helm/repos
Successfully added Helm repository chartmuseum.jenkins-x.io.
